Arguments: 
  C:\Program Files\nodejs\node.exe C:\Program Files (x86)\Yarn\bin\yarn.js install

PATH: 
  C:\Python27\;C:\Python27\Scripts;C:\Program Files (x86)\Common Files\Intel\Shared Libraries\redist\intel64\compiler;C:\Windows\system32;C:\Windows;C:\Windows\System32\Wbem;C:\Windows\System32\WindowsPowerShell\v1.0\;C:\Windows\System32\OpenSSH\;C:\Program Files (x86)\NVIDIA Corporation\PhysX\Common;C:\ProgramData\chocolatey\bin;C:\Program Files\nodejs\;C:\Program Files (x86)\Yarn\bin\;C:\Program Files\Git\cmd;C:\Program Files\Java\jdk1.8.0_211\bin;;C:\Program Files\Docker\Docker\resources\bin;C:\ProgramData\DockerDesktop\version-bin;C:\Users\Gilson\AppData\Local\Microsoft\WindowsApps;C:\Users\Gilson\AppData\Roaming\npm;C:\Users\Gilson\AppData\Local\Yarn\bin;C:\Users\Gilson\AppData\Local\Programs\Microsoft VS Code\bin;C:\Android\Sdk\emulator;C:\Android\Sdk\tools;C:\Android\Sdk\tools\bin;C:\Android\Sdk\platform-tools

Yarn version: 
  1.22.0

Node version: 
  13.12.0

Platform: 
  win32 x64

Trace: 
  SyntaxError: E:\_nlw\backend\package.json: Unexpected token } in JSON at position 330
      at JSON.parse (<anonymous>)
      at C:\Program Files (x86)\Yarn\lib\cli.js:1625:59
      at Generator.next (<anonymous>)
      at step (C:\Program Files (x86)\Yarn\lib\cli.js:310:30)
      at C:\Program Files (x86)\Yarn\lib\cli.js:321:13

npm manifest: 
  {
    "name": "backend",
    "version": "1.0.0",
    "description": "",
    "main": "index.js",
    "scripts": {
      "test": "echo \"Error: no test specified\" && exit 1",
      "dev": "ts-node-dev src/server.ts",
      "knex:seed": "knex --knexfile knexfile.ts seed:run",
      "knex:migrate": "knex --knexfile knexfile.ts migrate:latest",   
    },
    "keywords": [],
    "author": "Gilson da Gama, (https://github.com/GilsondaGama)",
    "license": "ISC",
    "dependencies": {
      "express": "^4.17.1",
      "knex": "^0.21.1"
    },
    "devDependencies": {
      "@types/express": "^4.17.6",
      "@typescript-eslint/eslint-plugin": "^3.1.0",
      "@typescript-eslint/parser": "^3.1.0",
      "eslint": "^7.1.0",
      "eslint-config-airbnb-base": "^14.1.0",
      "eslint-import-resolver-typescript": "^2.0.0",
      "eslint-plugin-import": "2.20.1",
      "ts-node": "^8.10.2",
      "ts-node-dev": "^1.0.0-pre.44",
      "typescript": "^3.9.5"
    }
  }

yarn manifest: 
  No manifest

Lockfile: 
  No lockfile
